<?xml version="1.0" encoding="UTF-8"?>
<!-- Generated by org.testng.reporters.JUnitReportReporter -->
<testsuite skipped="0" hostname="DESKTOP-N308L1J" name="util.BrowserFactor" tests="1" failures="0" timestamp="21 Nov 2021 18:32:01 GMT" time="5.629" errors="0">
  <testcase name="init" time="5.629" classname="util.BrowserFactor"/>
</testsuite> <!-- util.BrowserFactor -->
