<?xml version="1.0" encoding="UTF-8"?>
<!-- Generated by org.testng.reporters.JUnitReportReporter -->
<testsuite skipped="0" hostname="DESKTOP-N308L1J" name="test.LoginTest" tests="1" failures="0" timestamp="21 Nov 2021 19:50:23 GMT" time="9.252" errors="0">
  <testcase name="validUserShouldBeAbleToLoginTest" time="9.252" classname="test.LoginTest"/>
</testsuite> <!-- test.LoginTest -->
